0 info it worked if it ends with ok
1 verbose cli [ 'C:\\Program Files\\nodejs\\node.exe',
1 verbose cli   'C:\\Program Files\\nodejs\\node_modules\\npm\\bin\\npm-cli.js',
1 verbose cli   'run',
1 verbose cli   'build' ]
2 info using npm@3.10.10
3 info using node@v6.9.5
4 verbose run-script [ 'prebuild', 'build', 'postbuild' ]
5 info lifecycle khj0704.github.io@1.0.0~prebuild: khj0704.github.io@1.0.0
6 silly lifecycle khj0704.github.io@1.0.0~prebuild: no script for prebuild, continuing
7 info lifecycle khj0704.github.io@1.0.0~build: khj0704.github.io@1.0.0
8 verbose lifecycle khj0704.github.io@1.0.0~build: unsafe-perm in lifecycle true
9 verbose lifecycle khj0704.github.io@1.0.0~build: PATH: C:\Program Files\nodejs\node_modules\npm\bin\node-gyp-bin;C:\Users\hyunjunKim\Downloads\Github_HomPage\khj0704.github.io\node_modules\.bin;C:\Ruby22-x64\bin;C:\Program Files (x86)\Wizvera\Delfino;C:\ProgramData\Oracle\Java\javapath;C:\Program Files (x86)\SenchaSDKTools-2.0.0-beta3;C:\Program Files (x86)\Common Files\NetSarang;C:\Program Files (x86)\Intel\iCLS Client\;C:\Program Files\Intel\iCLS Client\;C:\WINDOWS\system32;C:\WINDOWS;C:\WINDOWS\System32\Wbem;C:\WINDOWS\System32\WindowsPowerShell\v1.0\;C:\Program Files (x86)\Intel\OpenCL SDK\2.0\bin\x86;C:\Program Files (x86)\Intel\OpenCL SDK\2.0\bin\x64;C:\Program Files (x86)\Windows Live\Shared;C:\Program Files\Condusiv Technologies\IntelliMemory\;C:\Program Files (x86)\Java\jdk1.8.0_25\bin;C:\Program Files\TortoiseSVN\bin;C:\Program Files\Microsoft\Web Platform Installer\;C:\Program Files (x86)\Microsoft ASP.NET\ASP.NET Web Pages\v1.0\;C:\Program Files (x86)\Windows Kits\8.0\Windows Performance Toolkit\;C:\Program Files\Microsoft SQL Server\110\Tools\Binn\;C:\Program Files (x86)\Android\android-ndk-r10;C:\Program Files (x86)\Android\android-sdk\platform-tools;C:\Program Files (x86)\Android\android-sdk\platform-tools\apktool;C:\Program Files (x86)\Android\android-sdk\platform-tools\dex2jar;C:\Program Files\Mercurial\;C:\cygwin\bin;C:\cygwin\usr\sbin;C:\Program Files (x86)\MySQL\MySQL Utilities 1.3.4\;c:\Program Files (x86)\Microsoft SQL Server\100\Tools\Binn\VSShell\Common7\IDE\;c:\Program Files (x86)\Microsoft SQL Server\100\Tools\Binn\;c:\Program Files\Microsoft SQL Server\100\Tools\Binn\;c:\Program Files (x86)\Microsoft SQL Server\100\DTS\Binn\;C:\Program Files\Intel\WiFi\bin\;C:\Program Files\Common Files\Intel\WirelessCommon\;C:\Program Files\Intel\Intel(R) Management Engine Components\DAL;C:\Program Files\Intel\Intel(R) Management Engine Components\IPT;C:\Program Files (x86)\Intel\Intel(R) Management Engine Components\DAL;C:\Program Files (x86)\Intel\Intel(R) Management Engine Components\IPT;C:\Program Files\TortoiseHg\;C:\Program Files (x86)\Git\cmd;C:\Program Files (x86)\openssl-0.9.8k_WIN32\bin;C:\Program Files\Apache Software Foundation\Tomcat 8.0\bin;C:\Program Files\Apache Software Foundation\Tomcat 8.0\bin\startup;C:\Program Files (x86)\Skype\Phone\;C:\Program Files (x86)\QuickTime\QTSystem\;C:\Program Files (x86)\NVIDIA Corporation\PhysX\Common;C:\WINDOWS\system32;C:\WINDOWS;C:\WINDOWS\System32\Wbem;C:\WINDOWS\System32\WindowsPowerShell\v1.0\;C:\Program Files\TortoiseGit\bin;C:\Program Files\nodejs\;C:\Program Files (x86)\openssl-0.9.8k_WIN32\bin;C:\Python27;C:\Python27\Scripts;C:\Python27\Lib\site-packages;%JAVA_HOME\bin%;C:\Program Files\Apache Software Foundation\Tomcat 8.0\bin;C:\Program Files\Apache Software Foundation\Tomcat 8.0\bin\startup;C:\Users\hyunjunKim\AppData\Local\Microsoft\WindowsApps;C:\Users\hyunjunKim\Downloads\Ruby_DevKit;C:\Program Files\nodejs\node_modules\npm\bin
10 verbose lifecycle khj0704.github.io@1.0.0~build: CWD: C:\Users\hyunjunKim\Downloads\Github_HomPage\khj0704.github.io
11 silly lifecycle khj0704.github.io@1.0.0~build: Args: [ '/d /s /c', 'npm run css:build' ]
12 silly lifecycle khj0704.github.io@1.0.0~build: Returned: code: 1  signal: null
13 info lifecycle khj0704.github.io@1.0.0~build: Failed to exec build script
14 verbose stack Error: khj0704.github.io@1.0.0 build: `npm run css:build`
14 verbose stack Exit status 1
14 verbose stack     at EventEmitter.<anonymous> (C:\Program Files\nodejs\node_modules\npm\lib\utils\lifecycle.js:255:16)
14 verbose stack     at emitTwo (events.js:106:13)
14 verbose stack     at EventEmitter.emit (events.js:191:7)
14 verbose stack     at ChildProcess.<anonymous> (C:\Program Files\nodejs\node_modules\npm\lib\utils\spawn.js:40:14)
14 verbose stack     at emitTwo (events.js:106:13)
14 verbose stack     at ChildProcess.emit (events.js:191:7)
14 verbose stack     at maybeClose (internal/child_process.js:877:16)
14 verbose stack     at Process.ChildProcess._handle.onexit (internal/child_process.js:226:5)
15 verbose pkgid khj0704.github.io@1.0.0
16 verbose cwd C:\Users\hyunjunKim\Downloads\Github_HomPage\khj0704.github.io
17 error Windows_NT 10.0.14393
18 error argv "C:\\Program Files\\nodejs\\node.exe" "C:\\Program Files\\nodejs\\node_modules\\npm\\bin\\npm-cli.js" "run" "build"
19 error node v6.9.5
20 error npm  v3.10.10
21 error code ELIFECYCLE
22 error khj0704.github.io@1.0.0 build: `npm run css:build`
22 error Exit status 1
23 error Failed at the khj0704.github.io@1.0.0 build script 'npm run css:build'.
23 error Make sure you have the latest version of node.js and npm installed.
23 error If you do, this is most likely a problem with the khj0704.github.io package,
23 error not with npm itself.
23 error Tell the author that this fails on your system:
23 error     npm run css:build
23 error You can get information on how to open an issue for this project with:
23 error     npm bugs khj0704.github.io
23 error Or if that isn't available, you can get their info via:
23 error     npm owner ls khj0704.github.io
23 error There is likely additional logging output above.
24 verbose exit [ 1, true ]
